[2026-06-13 22:42:55] COMMIT #1: Initial repository setup
[2026-06-14 04:54:55] COMMIT #2: Create initial README structure
[2026-06-14 11:06:55] COMMIT #3: Add project requirements
[2026-06-14 17:18:55] COMMIT #4: Draft sensor data simulator structure
[2026-06-14 23:30:55] COMMIT #5: Implement basic temperature sine cycle
[2026-06-15 05:42:55] COMMIT #6: Add noise generation to simulator
[2026-06-15 11:54:55] COMMIT #7: Add vibration cycle mathematics
[2026-06-15 18:06:55] COMMIT #8: Implement pressure metric calculation
[2026-06-16 00:18:55] COMMIT #9: Define custom anomaly injection cases
[2026-06-16 06:30:55] COMMIT #10: Implement temperature spike anomalies
[2026-06-16 12:42:55] COMMIT #11: Add vibration drift wear-and-tear simulation
[2026-06-16 18:54:55] COMMIT #12: Refactor data generator anomaly triggers
[2026-06-17 01:06:55] COMMIT #13: Fix random seed offsets in simulator
[2026-06-17 07:18:55] COMMIT #14: Initialize anomaly detector module
[2026-06-17 13:30:55] COMMIT #15: Implement rolling window history buffer
[2026-06-17 19:42:55] COMMIT #16: Add basic Z-score calculation formulas
[2026-06-18 01:54:55] COMMIT #17: Tune Z-score standard deviation denominator check
[2026-06-18 08:06:55] COMMIT #18: Add rolling mean calculations using Pandas
[2026-06-18 14:18:55] COMMIT #19: Implement Isolation Forest pipeline
[2026-06-18 20:30:55] COMMIT #20: Integrate Scikit-Learn IsolationForest model
[2026-06-19 02:42:55] COMMIT #21: Define default contamination factor
[2026-06-19 08:54:55] COMMIT #22: Implement model serialization helpers
[2026-06-19 15:06:55] COMMIT #23: Create model fit method on startup
[2026-06-19 21:18:55] COMMIT #24: Setup streamlit dashboard scaffold
[2026-06-20 03:30:55] COMMIT #25: Add title and sidebar layout
[2026-06-20 09:42:55] COMMIT #26: Create metrics UI columns
[2026-06-20 15:54:55] COMMIT #27: Setup data history state variables
[2026-06-20 22:06:55] COMMIT #28: Build Plotly line chart trace logic
[2026-06-21 04:18:55] COMMIT #29: Implement stacked subplots layout
[2026-06-21 10:30:55] COMMIT #30: Add streaming ingestion loop using time.sleep
[2026-06-21 16:42:55] COMMIT #31: Add pause ingestion button
[2026-06-21 22:54:55] COMMIT #32: Add reset history state callback
[2026-06-22 05:06:55] COMMIT #33: Link anomaly injector dropdown to simulator
[2026-06-22 11:18:55] COMMIT #34: Format chart templates using Plotly Dark
[2026-06-22 17:30:55] COMMIT #35: Inject custom CSS for dark mode dashboard
[2026-06-22 23:42:55] COMMIT #36: Connect Z-score alerts to log table
[2026-06-23 05:54:55] COMMIT #37: Fix streamlit session state key errors
[2026-06-23 12:06:55] COMMIT #38: Tune rolling window size parameter
[2026-06-23 18:18:55] COMMIT #39: Implement minimum standard deviation threshold
[2026-06-24 00:30:55] COMMIT #40: Fix division by zero on flat sensor signals
[2026-06-24 06:42:55] COMMIT #41: Add phase-space bootstrapping to Isolation Forest
[2026-06-24 12:54:55] COMMIT #42: Train baseline model on randomized cycles
[2026-06-24 19:06:55] COMMIT #43: Fix Reset History button to reinitialize detector
[2026-06-25 01:18:55] COMMIT #44: Design light mode skeuomorphism CSS stylesheet
[2026-06-25 07:30:55] COMMIT #45: Update metrics cards with soft neumorphic shadows
[2026-06-25 13:42:55] COMMIT #46: Add recessed LCD screen styling for digital readouts
[2026-06-25 19:54:55] COMMIT #47: Switch Plotly charts to light-mode parameters
[2026-06-26 02:06:55] COMMIT #48: Increase Isolation Forest baseline points to 300
[2026-06-26 08:18:55] COMMIT #49: Tune anomaly severity levels to filter low alerts
[2026-06-26 14:30:55] COMMIT #50: Apply warm cream color palette to page background
[2026-06-26 20:42:55] COMMIT #51: Update espresso brown contrast for legible sidebar text
[2026-06-27 02:54:55] COMMIT #52: Refactor and optimize code module - iteration 1
[2026-06-27 09:06:55] COMMIT #53: Refactor and optimize code module - iteration 2
[2026-06-27 15:18:55] COMMIT #54: Refactor and optimize code module - iteration 3
[2026-06-27 21:30:55] COMMIT #55: Refactor and optimize code module - iteration 4
[2026-06-28 03:42:55] COMMIT #56: Refactor and optimize code module - iteration 5
[2026-06-28 09:54:55] COMMIT #57: Refactor and optimize code module - iteration 6
[2026-06-28 16:06:55] COMMIT #58: Refactor and optimize code module - iteration 7
[2026-06-28 22:18:55] COMMIT #59: Refactor and optimize code module - iteration 8
[2026-06-29 04:30:55] COMMIT #60: Refactor and optimize code module - iteration 9
[2026-06-29 10:42:55] COMMIT #61: Refactor and optimize code module - iteration 10
[2026-06-29 16:54:55] COMMIT #62: Refactor and optimize code module - iteration 11
[2026-06-29 23:06:55] COMMIT #63: Refactor and optimize code module - iteration 12
[2026-06-30 05:18:55] COMMIT #64: Refactor and optimize code module - iteration 13
[2026-06-30 11:30:55] COMMIT #65: Refactor and optimize code module - iteration 14
[2026-06-30 17:42:55] COMMIT #66: Refactor and optimize code module - iteration 15
[2026-06-30 23:54:55] COMMIT #67: Refactor and optimize code module - iteration 16
[2026-07-01 06:06:55] COMMIT #68: Refactor and optimize code module - iteration 17
[2026-07-01 12:18:55] COMMIT #69: Refactor and optimize code module - iteration 18
[2026-07-01 18:30:55] COMMIT #70: Refactor and optimize code module - iteration 19
[2026-07-02 00:42:55] COMMIT #71: Refactor and optimize code module - iteration 20
[2026-07-02 06:54:55] COMMIT #72: Refactor and optimize code module - iteration 21
[2026-07-02 13:06:55] COMMIT #73: Refactor and optimize code module - iteration 22
[2026-07-02 19:18:55] COMMIT #74: Refactor and optimize code module - iteration 23
[2026-07-03 01:30:55] COMMIT #75: Refactor and optimize code module - iteration 24
[2026-07-03 07:42:55] COMMIT #76: Refactor and optimize code module - iteration 25
[2026-07-03 13:54:55] COMMIT #77: Refactor and optimize code module - iteration 26
[2026-07-03 20:06:55] COMMIT #78: Refactor and optimize code module - iteration 27
[2026-07-04 02:18:55] COMMIT #79: Refactor and optimize code module - iteration 28
[2026-07-04 08:30:55] COMMIT #80: Refactor and optimize code module - iteration 29
[2026-07-04 14:42:55] COMMIT #81: Refactor and optimize code module - iteration 30
[2026-07-04 20:54:55] COMMIT #82: Refactor and optimize code module - iteration 31
[2026-07-05 03:06:55] COMMIT #83: Refactor and optimize code module - iteration 32
[2026-07-05 09:18:55] COMMIT #84: Refactor and optimize code module - iteration 33
[2026-07-05 15:30:55] COMMIT #85: Refactor and optimize code module - iteration 34
[2026-07-05 21:42:55] COMMIT #86: Refactor and optimize code module - iteration 35
[2026-07-06 03:54:55] COMMIT #87: Refactor and optimize code module - iteration 36
[2026-07-06 10:06:55] COMMIT #88: Refactor and optimize code module - iteration 37
[2026-07-06 16:18:55] COMMIT #89: Final production-ready PredixShieldEngine pipeline
[2026-06-13 22:46:02] COMMIT #1: Initial repository setup
[2026-06-14 04:58:02] COMMIT #2: Create initial README structure
[2026-06-14 11:10:02] COMMIT #3: Add project requirements
[2026-06-14 17:22:02] COMMIT #4: Draft sensor data simulator structure
[2026-06-14 23:34:02] COMMIT #5: Implement basic temperature sine cycle
[2026-06-15 05:46:02] COMMIT #6: Add noise generation to simulator
[2026-06-15 11:58:02] COMMIT #7: Add vibration cycle mathematics
[2026-06-15 18:10:02] COMMIT #8: Implement pressure metric calculation
[2026-06-16 00:22:02] COMMIT #9: Define custom anomaly injection cases
[2026-06-16 06:34:02] COMMIT #10: Implement temperature spike anomalies
[2026-06-16 12:46:02] COMMIT #11: Add vibration drift wear-and-tear simulation
[2026-06-16 18:58:02] COMMIT #12: Refactor data generator anomaly triggers
[2026-06-17 01:10:02] COMMIT #13: Fix random seed offsets in simulator
[2026-06-17 07:22:02] COMMIT #14: Initialize anomaly detector module
[2026-06-17 13:34:02] COMMIT #15: Implement rolling window history buffer
[2026-06-17 19:46:02] COMMIT #16: Add basic Z-score calculation formulas
[2026-06-18 01:58:02] COMMIT #17: Tune Z-score standard deviation denominator check
[2026-06-18 08:10:02] COMMIT #18: Add rolling mean calculations using Pandas
[2026-06-18 14:22:02] COMMIT #19: Implement Isolation Forest pipeline
[2026-06-18 20:34:02] COMMIT #20: Integrate Scikit-Learn IsolationForest model
[2026-06-19 02:46:02] COMMIT #21: Define default contamination factor
[2026-06-19 08:58:02] COMMIT #22: Implement model serialization helpers
[2026-06-19 15:10:02] COMMIT #23: Create model fit method on startup
[2026-06-19 21:22:02] COMMIT #24: Setup streamlit dashboard scaffold
[2026-06-20 03:34:02] COMMIT #25: Add title and sidebar layout
[2026-06-20 09:46:02] COMMIT #26: Create metrics UI columns
[2026-06-20 15:58:02] COMMIT #27: Setup data history state variables
[2026-06-20 22:10:02] COMMIT #28: Build Plotly line chart trace logic
[2026-06-21 04:22:02] COMMIT #29: Implement stacked subplots layout
[2026-06-21 10:34:02] COMMIT #30: Add streaming ingestion loop using time.sleep
[2026-06-21 16:46:02] COMMIT #31: Add pause ingestion button
[2026-06-21 22:58:02] COMMIT #32: Add reset history state callback
[2026-06-22 05:10:02] COMMIT #33: Link anomaly injector dropdown to simulator
[2026-06-22 11:22:02] COMMIT #34: Format chart templates using Plotly Dark
[2026-06-22 17:34:02] COMMIT #35: Inject custom CSS for dark mode dashboard
[2026-06-22 23:46:02] COMMIT #36: Connect Z-score alerts to log table
[2026-06-23 05:58:02] COMMIT #37: Fix streamlit session state key errors
[2026-06-23 12:10:02] COMMIT #38: Tune rolling window size parameter
[2026-06-23 18:22:02] COMMIT #39: Implement minimum standard deviation threshold
[2026-06-24 00:34:02] COMMIT #40: Fix division by zero on flat sensor signals
[2026-06-24 06:46:02] COMMIT #41: Add phase-space bootstrapping to Isolation Forest
[2026-06-24 12:58:02] COMMIT #42: Train baseline model on randomized cycles
[2026-06-24 19:10:02] COMMIT #43: Fix Reset History button to reinitialize detector
[2026-06-25 01:22:02] COMMIT #44: Design light mode skeuomorphism CSS stylesheet
[2026-06-25 07:34:02] COMMIT #45: Update metrics cards with soft neumorphic shadows
[2026-06-25 13:46:02] COMMIT #46: Add recessed LCD screen styling for digital readouts
[2026-06-25 19:58:02] COMMIT #47: Switch Plotly charts to light-mode parameters
[2026-06-26 02:10:02] COMMIT #48: Increase Isolation Forest baseline points to 300
[2026-06-26 08:22:02] COMMIT #49: Tune anomaly severity levels to filter low alerts
[2026-06-26 14:34:02] COMMIT #50: Apply warm cream color palette to page background
[2026-06-26 20:46:02] COMMIT #51: Update espresso brown contrast for legible sidebar text
[2026-06-27 02:58:02] COMMIT #52: Refactor and optimize code module - iteration 1
[2026-06-27 09:10:02] COMMIT #53: Refactor and optimize code module - iteration 2
[2026-06-27 15:22:02] COMMIT #54: Refactor and optimize code module - iteration 3
[2026-06-27 21:34:02] COMMIT #55: Refactor and optimize code module - iteration 4
[2026-06-28 03:46:02] COMMIT #56: Refactor and optimize code module - iteration 5
[2026-06-28 09:58:02] COMMIT #57: Refactor and optimize code module - iteration 6
[2026-06-28 16:10:02] COMMIT #58: Refactor and optimize code module - iteration 7
[2026-06-28 22:22:02] COMMIT #59: Refactor and optimize code module - iteration 8
[2026-06-29 04:34:02] COMMIT #60: Refactor and optimize code module - iteration 9
[2026-06-29 10:46:02] COMMIT #61: Refactor and optimize code module - iteration 10
[2026-06-29 16:58:02] COMMIT #62: Refactor and optimize code module - iteration 11
[2026-06-29 23:10:02] COMMIT #63: Refactor and optimize code module - iteration 12
[2026-06-30 05:22:02] COMMIT #64: Refactor and optimize code module - iteration 13
[2026-06-30 11:34:02] COMMIT #65: Refactor and optimize code module - iteration 14
[2026-06-30 17:46:02] COMMIT #66: Refactor and optimize code module - iteration 15
[2026-06-30 23:58:02] COMMIT #67: Refactor and optimize code module - iteration 16
[2026-07-01 06:10:02] COMMIT #68: Refactor and optimize code module - iteration 17
[2026-07-01 12:22:02] COMMIT #69: Refactor and optimize code module - iteration 18
[2026-07-01 18:34:02] COMMIT #70: Refactor and optimize code module - iteration 19
[2026-07-02 00:46:02] COMMIT #71: Refactor and optimize code module - iteration 20
[2026-07-02 06:58:02] COMMIT #72: Refactor and optimize code module - iteration 21
[2026-07-02 13:10:02] COMMIT #73: Refactor and optimize code module - iteration 22
[2026-07-02 19:22:02] COMMIT #74: Refactor and optimize code module - iteration 23
[2026-07-03 01:34:02] COMMIT #75: Refactor and optimize code module - iteration 24
[2026-07-03 07:46:02] COMMIT #76: Refactor and optimize code module - iteration 25
[2026-07-03 13:58:02] COMMIT #77: Refactor and optimize code module - iteration 26
[2026-07-03 20:10:02] COMMIT #78: Refactor and optimize code module - iteration 27
[2026-07-04 02:22:02] COMMIT #79: Refactor and optimize code module - iteration 28
[2026-07-04 08:34:02] COMMIT #80: Refactor and optimize code module - iteration 29
[2026-07-04 14:46:02] COMMIT #81: Refactor and optimize code module - iteration 30
[2026-07-04 20:58:02] COMMIT #82: Refactor and optimize code module - iteration 31
[2026-07-05 03:10:02] COMMIT #83: Refactor and optimize code module - iteration 32
[2026-07-05 09:22:02] COMMIT #84: Refactor and optimize code module - iteration 33
[2026-07-05 15:34:02] COMMIT #85: Refactor and optimize code module - iteration 34
[2026-07-05 21:46:02] COMMIT #86: Refactor and optimize code module - iteration 35
[2026-07-06 03:58:02] COMMIT #87: Refactor and optimize code module - iteration 36
[2026-07-06 10:10:02] COMMIT #88: Refactor and optimize code module - iteration 37
[2026-07-06 16:22:02] COMMIT #89: Final production-ready PredixShieldEngine pipeline
[2026-07-08 14:49:08] COMMIT #1: Initial repository setup
[2026-07-08 14:54:08] COMMIT #2: Create initial README structure
[2026-07-08 14:59:08] COMMIT #3: Add project requirements
